<?xml version="1.0" encoding="UTF-8" ?>
<testsuite failures="0" time="0.937" errors="0" skipped="0" tests="4" name="utils.xml.xml2csv.XML2CSVGenericGeneratorTest">
  <properties>
    <property name="java.runtime.name" value="Java(TM) SE Runtime Environment"/>
    <property name="sun.boot.library.path" value="G:\Java\jdk1.6.0_27\jre\bin"/>
    <property name="java.vm.version" value="20.2-b06"/>
    <property name="java.vm.vendor" value="Sun Microsystems Inc."/>
    <property name="java.vendor.url" value="http://java.sun.com/"/>
    <property name="path.separator" value=";"/>
    <property name="guice.disable.misplaced.annotation.check" value="true"/>
    <property name="java.vm.name" value="Java HotSpot(TM) 64-Bit Server VM"/>
    <property name="file.encoding.pkg" value="sun.io"/>
    <property name="user.country" value="FR"/>
    <property name="sun.java.launcher" value="SUN_STANDARD"/>
    <property name="sun.os.patch.level" value="Service Pack 1"/>
    <property name="java.vm.specification.name" value="Java Virtual Machine Specification"/>
    <property name="user.dir" value="G:\Eclipse\workspaces\workspaceSF\XML2CSV-Generic-Converter"/>
    <property name="java.runtime.version" value="1.6.0_27-b07"/>
    <property name="java.awt.graphicsenv" value="sun.awt.Win32GraphicsEnvironment"/>
    <property name="java.endorsed.dirs" value="G:\Java\jdk1.6.0_27\jre\lib\endorsed"/>
    <property name="os.arch" value="amd64"/>
    <property name="java.io.tmpdir" value="C:\Users\Lochrann\AppData\Local\Temp\"/>
    <property name="line.separator" value="
"/>
    <property name="java.vm.specification.vendor" value="Sun Microsystems Inc."/>
    <property name="user.variant" value=""/>
    <property name="os.name" value="Windows 7"/>
    <property name="classworlds.conf" value="G:\Eclipse\workspaces\workspaceSF\.metadata\.plugins\org.eclipse.m2e.launching\launches\m2conf6868195945846125720.tmp"/>
    <property name="sun.jnu.encoding" value="Cp1252"/>
    <property name="java.library.path" value="G:\Java\jdk1.6.0_27\bin;C:\Windows\Sun\Java\bin;C:\Windows\system32;C:\Windows;G:/Java/jdk1.6.0_27/bin/../jre/bin/server;G:/Java/jdk1.6.0_27/bin/../jre/bin;G:/Java/jdk1.6.0_27/bin/../jre/lib/amd64;&quot;G:\Java\jdk1.6.0_27\bin&quot;;C:\Program Files (x86)\NVIDIA Corporation\PhysX\Common;C:\Program Files\Common Files\Microsoft Shared\Windows Live;C:\Program Files (x86)\Common Files\Microsoft Shared\Windows Live;C:\Windows\system32;C:\Windows;C:\Windows\System32\Wbem;C:\Windows\System32\WindowsPowerShell\v1.0\;C:\Program Files (x86)\Windows Live\Shared;C:\Program Files (x86)\Common Files\Acronis\SnapAPI\;G:\Liquid Technologies\LiquidXMLStudio2011\XmlDataBinder9\Redist9\cpp\win32\bin;C:\Program Files (x86)\QuickTime\QTSystem\;G:\TortoiseSVN\bin;G:\Eclipse\eclipse-jee-kepler-SR2-win32-x86_64\eclipse;;."/>
    <property name="java.specification.name" value="Java Platform API Specification"/>
    <property name="java.class.version" value="50.0"/>
    <property name="sun.management.compiler" value="HotSpot 64-Bit Tiered Compilers"/>
    <property name="os.version" value="6.1"/>
    <property name="user.home" value="C:\Users\Lochrann"/>
    <property name="user.timezone" value="Europe/Paris"/>
    <property name="java.awt.printerjob" value="sun.awt.windows.WPrinterJob"/>
    <property name="file.encoding" value="Cp1252"/>
    <property name="java.specification.version" value="1.6"/>
    <property name="user.name" value="Lochrann"/>
    <property name="java.class.path" value="/G:/Eclipse/eclipse-jee-kepler-SR2-win32-x86_64/eclipse/configuration/org.eclipse.osgi/bundles/535/1/.cp/jars/plexus-classworlds-2.4.jar"/>
    <property name="java.vm.specification.version" value="1.0"/>
    <property name="sun.arch.data.model" value="64"/>
    <property name="java.home" value="G:\Java\jdk1.6.0_27\jre"/>
    <property name="sun.java.command" value="org.codehaus.plexus.classworlds.launcher.Launcher -B -s G:\Maven\maven-3.0.4-RC5\conf\settings.xml deploy"/>
    <property name="java.specification.vendor" value="Sun Microsystems Inc."/>
    <property name="user.language" value="fr"/>
    <property name="awt.toolkit" value="sun.awt.windows.WToolkit"/>
    <property name="java.vm.info" value="mixed mode"/>
    <property name="java.version" value="1.6.0_27"/>
    <property name="java.ext.dirs" value="G:\Java\jdk1.6.0_27\jre\lib\ext;C:\Windows\Sun\Java\lib\ext"/>
    <property name="sun.boot.class.path" value="G:\Java\jdk1.6.0_27\jre\lib\resources.jar;G:\Java\jdk1.6.0_27\jre\lib\rt.jar;G:\Java\jdk1.6.0_27\jre\lib\sunrsasign.jar;G:\Java\jdk1.6.0_27\jre\lib\jsse.jar;G:\Java\jdk1.6.0_27\jre\lib\jce.jar;G:\Java\jdk1.6.0_27\jre\lib\charsets.jar;G:\Java\jdk1.6.0_27\jre\lib\modules\jdk.boot.jar;G:\Java\jdk1.6.0_27\jre\classes"/>
    <property name="java.vendor" value="Sun Microsystems Inc."/>
    <property name="maven.home" value="G:\Eclipse\workspaces\workspaceSF\XML2CSV-Generic-Converter\EMBEDDED"/>
    <property name="file.separator" value="\"/>
    <property name="java.vendor.url.bug" value="http://java.sun.com/cgi-bin/bugreport.cgi"/>
    <property name="maven.bootclasspath" value="/G:/Eclipse/eclipse-jee-kepler-SR2-win32-x86_64/eclipse/configuration/org.eclipse.osgi/bundles/535/1/.cp/jars/plexus-classworlds-2.4.jar"/>
    <property name="sun.cpu.endian" value="little"/>
    <property name="sun.io.unicode.encoding" value="UnicodeLittle"/>
    <property name="sun.desktop" value="windows"/>
    <property name="sun.cpu.isalist" value="amd64"/>
  </properties>
  <testcase time="0.25" classname="utils.xml.xml2csv.XML2CSVGenericGeneratorTest" name="checkResources"/>
  <testcase time="0.328" classname="utils.xml.xml2csv.XML2CSVGenericGeneratorTest" name="testOutputStreamGeneration"/>
  <testcase time="0.141" classname="utils.xml.xml2csv.XML2CSVGenericGeneratorTest" name="testFilesGeneration"/>
  <testcase time="0.14" classname="utils.xml.xml2csv.XML2CSVGenericGeneratorTest" name="testBlendFileGeneration"/>
</testsuite>